<?xml version="1.0" encoding="UTF-8"?>
<!-- Generated by org.testng.reporters.JUnitReportReporter -->
<testsuite skipped="0" hostname="DESKTOP-3FO53C9" name="com.CrmPro.Testcases.LoginPageTest" tests="1" failures="0" timestamp="2022-12-29T09:07:19 IST" time="20.354" errors="0">
  <testcase name="verifyUserlogin" time="20.354" classname="com.CrmPro.Testcases.LoginPageTest"/>
  <system-out/>
</testsuite> <!-- com.CrmPro.Testcases.LoginPageTest -->
